<?xml version="1.0" encoding="UTF-8"?>
<testng-results ignored="0" total="3" passed="3" failed="0" skipped="0">
  <reporter-output>
  </reporter-output>
  <suite started-at="2021-11-18T16:58:53 IST" name="HRM " finished-at="2021-11-18T16:59:05 IST" duration-ms="11875">
    <groups>
    </groups>
    <test started-at="2021-11-18T16:58:53 IST" name="loginpage" finished-at="2021-11-18T16:58:58 IST" duration-ms="5068">
      <class name="testCases.login_Page">
        <test-method signature="loginpageverify()[pri:0, instance:testCases.login_Page@34b7ac2f]" started-at="2021-11-18T16:58:53 IST" name="loginpageverify" finished-at="2021-11-18T16:58:58 IST" duration-ms="4985" status="PASS">
          <reporter-output>
          </reporter-output>
        </test-method> <!-- loginpageverify -->
      </class> <!-- testCases.login_Page -->
    </test> <!-- loginpage -->
    <test started-at="2021-11-18T16:58:58 IST" name="Pending Leave Request" finished-at="2021-11-18T16:59:00 IST" duration-ms="2269">
      <class name="testCases.Test_Pending_Leave_Request">
        <test-method signature="checkLeaveRequest()[pri:0, instance:testCases.Test_Pending_Leave_Request@7722c3c3]" started-at="2021-11-18T16:58:58 IST" name="checkLeaveRequest" finished-at="2021-11-18T16:59:00 IST" duration-ms="2261" status="PASS">
          <reporter-output>
          </reporter-output>
        </test-method> <!-- checkLeaveRequest -->
      </class> <!-- testCases.Test_Pending_Leave_Request -->
    </test> <!-- Pending Leave Request -->
    <test started-at="2021-11-18T16:59:00 IST" name="Check User Role" finished-at="2021-11-18T16:59:05 IST" duration-ms="4333">
      <class name="testCases.Test_User_Role">
        <test-method is-config="true" signature="launchBrowser()[pri:0, instance:testCases.Test_User_Role@6a192cfe]" started-at="2021-11-18T16:58:39 IST" name="launchBrowser" finished-at="2021-11-18T16:58:53 IST" duration-ms="13996" status="PASS">
          <reporter-output>
          </reporter-output>
        </test-method> <!-- launchBrowser -->
        <test-method signature="checkUserRole()[pri:0, instance:testCases.Test_User_Role@6a192cfe]" started-at="2021-11-18T16:59:00 IST" name="checkUserRole" finished-at="2021-11-18T16:59:05 IST" duration-ms="4327" status="PASS">
          <reporter-output>
          </reporter-output>
        </test-method> <!-- checkUserRole -->
        <test-method is-config="true" signature="browserClose()[pri:0, instance:testCases.Test_User_Role@6a192cfe]" started-at="2021-11-18T16:59:05 IST" name="browserClose" finished-at="2021-11-18T16:59:05 IST" duration-ms="650" status="PASS">
          <reporter-output>
          </reporter-output>
        </test-method> <!-- browserClose -->
      </class> <!-- testCases.Test_User_Role -->
    </test> <!-- Check User Role -->
  </suite> <!-- HRM  -->
</testng-results>
